
Compiling 1 files with zksolc and solc 0.8.29
zksolc and solc 0.8.29 finished in 960.94ms
Compiler run successful!
Deployer: 0x420A8Fe13265Df3B9323C3D7681b2854B1309338
Deployed to: 0x3Cb25c2D6EED78Cb4CB124399B4A2DCB141F7034
Transaction hash: 0xb4c6c36d865feaaffc9600b213b306c565e6958fdc73673b442417ab20189be4
Starting contract verification...
Waiting for zksync to detect contract deployment...
Start verifying contract `0x3Cb25c2D6EED78Cb4CB124399B4A2DCB141F7034` deployed on zksync-testnet
Optimizations:    999

Submitting verification for [src/SimpleStorage.sol:SmellPanty] at address 0x3Cb25c2D6EED78Cb4CB124399B4A2DCB141F7034.
Warning: Verification request for address (0x3Cb25c2D6EED78Cb4CB124399B4A2DCB141F7034) failed with status code 400 Bad Request
Details: There is no deployed contract on this address; waiting 5 seconds before trying again (4 tries remaining)

Submitting verification for [src/SimpleStorage.sol:SmellPanty] at address 0x3Cb25c2D6EED78Cb4CB124399B4A2DCB141F7034.
Warning: Verification request for address (0x3Cb25c2D6EED78Cb4CB124399B4A2DCB141F7034) failed with status code 400 Bad Request
Details: There is no deployed contract on this address; waiting 5 seconds before trying again (3 tries remaining)

Submitting verification for [src/SimpleStorage.sol:SmellPanty] at address 0x3Cb25c2D6EED78Cb4CB124399B4A2DCB141F7034.
Warning: Verification request for address (0x3Cb25c2D6EED78Cb4CB124399B4A2DCB141F7034) failed with status code 400 Bad Request
Details: There is no deployed contract on this address; waiting 5 seconds before trying again (2 tries remaining)

Submitting verification for [src/SimpleStorage.sol:SmellPanty] at address 0x3Cb25c2D6EED78Cb4CB124399B4A2DCB141F7034.
Warning: Verification request for address (0x3Cb25c2D6EED78Cb4CB124399B4A2DCB141F7034) failed with status code 400 Bad Request
Details: There is no deployed contract on this address; waiting 5 seconds before trying again (1 tries remaining)

Submitting verification for [src/SimpleStorage.sol:SmellPanty] at address 0x3Cb25c2D6EED78Cb4CB124399B4A2DCB141F7034.
Warning: Verification request for address (0x3Cb25c2D6EED78Cb4CB124399B4A2DCB141F7034) failed with status code 400 Bad Request
Details: There is no deployed contract on this address; waiting 5 seconds before trying again (0 tries remaining)

Submitting verification for [src/SimpleStorage.sol:SmellPanty] at address 0x3Cb25c2D6EED78Cb4CB124399B4A2DCB141F7034.
Error: Verification request for address (0x3Cb25c2D6EED78Cb4CB124399B4A2DCB141F7034) failed with status code 400 Bad Request
Details: There is no deployed contract on this address
