No files changed, compilation skipped
Deployer: 0x420A8Fe13265Df3B9323C3D7681b2854B1309338
Deployed to: 0xF9244b457caa6A35322C1fd209d296F34BaC76A4
Transaction hash: 0xff6ea90e03351903c9a4ba0555a36db92f329a2ebdfd1ca413d214e4d0b4ee19
Starting contract verification...
Waiting for sourcify to detect contract deployment...
Start verifying contract `0xF9244b457caa6A35322C1fd209d296F34BaC76A4` deployed on sepolia
Compiler version: 0.8.28
Optimizations:    999

Submitting verification for [src/Counter.sol:Panty] 0xF9244b457caa6A35322C1fd209d296F34BaC76A4.
Warning: Etherscan could not detect the deployment.; waiting 5 seconds before trying again (4 tries remaining)

Submitting verification for [src/Counter.sol:Panty] 0xF9244b457caa6A35322C1fd209d296F34BaC76A4.
Submitted contract for verification:
	Response: `OK`
	GUID: `kzr1y4uapb615ler2dknl1csnjikhfhpaeicgwbnp2dvbq6gak`
	URL: https://sepolia.etherscan.io/address/0xf9244b457caa6a35322c1fd209d296f34bac76a4
Contract verification status:
Response: `NOTOK`
Details: `Pending in queue`
Warning: Verification is still pending...; waiting 15 seconds before trying again (7 tries remaining)
Contract verification status:
Response: `OK`
Details: `Pass - Verified`
Contract successfully verified
