Compiling 2 files with Solc 0.8.19
Solc 0.8.19 finished in 615.13ms
Compiler run successful!
Script ran successfully.

## Setting up 1 EVM.

==========================

Chain 17000

Estimated gas price: 0.00156928 gwei

Estimated total gas used for script: 925817

Estimated amount required: 0.00000145286610176 ETH

==========================


==========================

ONCHAIN EXECUTION COMPLETE & SUCCESSFUL.
##
Start verification for (2) contracts
Start verifying contract `0x681caeE3Bd3743De6EbF523523f2d6509723CE81` deployed on holesky
Compiler version: 0.8.19
Optimizations:    999
Constructor args: 000000000000000000000000694aa1769357215de4fac081bf1f309adc325306

Submitting verification for [src/FundMe.sol:FundMe] 0x681caeE3Bd3743De6EbF523523f2d6509723CE81.
Warning: Etherscan could not detect the deployment.; waiting 5 seconds before trying again (4 tries remaining)

Submitting verification for [src/FundMe.sol:FundMe] 0x681caeE3Bd3743De6EbF523523f2d6509723CE81.
Submitted contract for verification:
	Response: `OK`
	GUID: `2vmlvjsda3cvhdfap7w8rmd91yntp53vzbjrd62ebcfbpmvjfg`
	URL: https://holesky.etherscan.io/address/0x681caee3bd3743de6ebf523523f2d6509723ce81
Contract verification status:
Response: `NOTOK`
Details: `Pending in queue`
Warning: Verification is still pending...; waiting 15 seconds before trying again (7 tries remaining)
Contract verification status:
Response: `OK`
Details: `Pass - Verified`
Contract successfully verified
Start verifying contract `0x4c34050168E0e19EEC6fB6d462BeD51840350c43` deployed on holesky
Compiler version: 0.8.19
Optimizations:    999

Submitting verification for [src/FundMe.sol:BootySmell] 0x4c34050168E0e19EEC6fB6d462BeD51840350c43.
Submitted contract for verification:
	Response: `OK`
	GUID: `uqh3qfheknvzp6zgvvtnxh5rwehtked5d9cdewm4zzkf8cezbh`
	URL: https://holesky.etherscan.io/address/0x4c34050168e0e19eec6fb6d462bed51840350c43
Contract verification status:
Response: `NOTOK`
Details: `Pending in queue`
Warning: Verification is still pending...; waiting 15 seconds before trying again (7 tries remaining)
Contract verification status:
Response: `OK`
Details: `Pass - Verified`
Contract successfully verified
All (2) contracts were verified!

Transactions saved to: /workspaces/lq-ucyfo-1/WO/fo/ffs2/broadcast/multirape.s.sol/17000/run-latest.json

Sensitive values saved to: /workspaces/lq-ucyfo-1/WO/fo/ffs2/cache/multirape.s.sol/17000/run-latest.json

