Compiling 1 files with Solc 0.8.19
Solc 0.8.19 finished in 1.48s
Compiler run successful!
Script ran successfully.

## Setting up 1 EVM.

==========================

Chain 11155111

Estimated gas price: 39.171667208 gwei

Estimated total gas used for script: 925817

Estimated amount required: 0.036265795419508936 ETH

==========================


==========================

ONCHAIN EXECUTION COMPLETE & SUCCESSFUL.
##
Start verification for (2) contracts
Start verifying contract `0x91185774d5B97Ff1da8f561E1e8F2AAb2042Fb46` deployed on sepolia
Compiler version: 0.8.19
Optimizations:    999
Constructor args: 000000000000000000000000694aa1769357215de4fac081bf1f309adc325306

Submitting verification for [src/FundMe.sol:FundMe] 0x91185774d5B97Ff1da8f561E1e8F2AAb2042Fb46.
Warning: Etherscan could not detect the deployment.; waiting 5 seconds before trying again (4 tries remaining)

Submitting verification for [src/FundMe.sol:FundMe] 0x91185774d5B97Ff1da8f561E1e8F2AAb2042Fb46.
Warning: Etherscan could not detect the deployment.; waiting 5 seconds before trying again (3 tries remaining)

Submitting verification for [src/FundMe.sol:FundMe] 0x91185774d5B97Ff1da8f561E1e8F2AAb2042Fb46.
Warning: Etherscan could not detect the deployment.; waiting 5 seconds before trying again (2 tries remaining)

Submitting verification for [src/FundMe.sol:FundMe] 0x91185774d5B97Ff1da8f561E1e8F2AAb2042Fb46.
Submitted contract for verification:
	Response: `OK`
	GUID: `8tz2j3tnkecsseuvwvv73hvfpbgvumf6njdyedwu4wcc93p9gw`
	URL: https://sepolia.etherscan.io/address/0x91185774d5b97ff1da8f561e1e8f2aab2042fb46
Contract verification status:
Response: `NOTOK`
Details: `Pending in queue`
Warning: Verification is still pending...; waiting 15 seconds before trying again (7 tries remaining)
Contract verification status:
Response: `OK`
Details: `Pass - Verified`
Contract successfully verified
Start verifying contract `0xe5ea21b19E8963257993A9a504Dc586e20305E4f` deployed on sepolia
Compiler version: 0.8.19
Optimizations:    999

Submitting verification for [src/FundMe.sol:BootySmell] 0xe5ea21b19E8963257993A9a504Dc586e20305E4f.
Submitted contract for verification:
	Response: `OK`
	GUID: `7xhhdryjd9mytpa64ibvsg2b36gixmnyfrf9pg6mzkbky6wd34`
	URL: https://sepolia.etherscan.io/address/0xe5ea21b19e8963257993a9a504dc586e20305e4f
Contract verification status:
Response: `NOTOK`
Details: `Pending in queue`
Warning: Verification is still pending...; waiting 15 seconds before trying again (7 tries remaining)
Contract verification status:
Response: `OK`
Details: `Pass - Verified`
Contract successfully verified
All (2) contracts were verified!

Transactions saved to: /workspaces/lq-ucyfo-1/WO/fo/ffs2/broadcast/multirape.s.sol/11155111/run-latest.json

Sensitive values saved to: /workspaces/lq-ucyfo-1/WO/fo/ffs2/cache/multirape.s.sol/11155111/run-latest.json

