
[0;34mSending transaction on Sepolia...[0m

blockHash            0x0ebe800496b158460612ed33a3af655a989e4c49ee992093af54a2b7e4ce4fcc
blockNumber          8318718
contractAddress      
cumulativeGasUsed    35359371
effectiveGasPrice    12098905749
from                 0x420A8Fe13265Df3B9323C3D7681b2854B1309338
gasUsed              169920
logs                 []
logsBloom            0x00000000000000000000000000000000000000000000000000000000000000000000000000000000000000000000000000000000000000000000000000000000000000000000000000000000000000000000000000000000000000000000000000000000000000000000000000000000000000000000000000000000000000000000000000000000000000000000000000000000000000000000000000000000000000000000000000000000000000000000000000000000000000000000000000000000000000000000000000000000000000000000000000000000000000000000000000000000000000000000000000000000000000000000000000000000
root                 
status               1 (success)
transactionHash      0xf58add0acc7fa20d0ae06d466df87e422702d75b3ff34c02e1567c319fb99e64
transactionIndex     186
type                 2
blobGasPrice         
blobGasUsed          
to                   0x420fFfdA7565D31e9b4b7ebAF0269b5564644656
[0;32mSepolia transaction successful![0m

[0;34mSending transaction on Holesky...[0m

blockHash            0xbcef008683e59ac9e5eaf81548173e4c9f24324bc13a56c48315786ef4ce81aa
blockNumber          3830211
contractAddress      
cumulativeGasUsed    3972501
effectiveGasPrice    3496076
from                 0x420A8Fe13265Df3B9323C3D7681b2854B1309338
gasUsed              169920
logs                 []
logsBloom            0x00000000000000000000000000000000000000000000000000000000000000000000000000000000000000000000000000000000000000000000000000000000000000000000000000000000000000000000000000000000000000000000000000000000000000000000000000000000000000000000000000000000000000000000000000000000000000000000000000000000000000000000000000000000000000000000000000000000000000000000000000000000000000000000000000000000000000000000000000000000000000000000000000000000000000000000000000000000000000000000000000000000000000000000000000000000
root                 
status               1 (success)
transactionHash      0x7d96624d3baf857cc62ec247e61d5a5301ea212c5a8227a0bdafc82c5bccdc6f
transactionIndex     82
type                 2
blobGasPrice         
blobGasUsed          
to                   0x420fFfdA7565D31e9b4b7ebAF0269b5564644656
[0;32mHolesky transaction successful![0m
